[2022-08-17T06:18:29.986Z] Log level: Info
[2022-08-17T06:18:29.987Z] [info] Validating found git in: git
[2022-08-17T06:18:29.997Z] [info] Using git 2.37.2 from git
[2022-08-17T06:18:30.007Z] > git rev-parse --show-toplevel [3ms]
[2022-08-17T06:18:30.007Z] fatal: not a git repository (or any of the parent directories): .git
[2022-08-17T06:19:04.899Z] > git rev-parse --show-toplevel [2ms]
[2022-08-17T06:19:04.899Z] fatal: not a git repository (or any of the parent directories): .git
[2022-08-17T07:06:57.660Z] > git rev-parse --show-toplevel [1ms]
[2022-08-17T07:06:57.660Z] fatal: not a git repository (or any of the parent directories): .git
[2022-08-17T07:09:32.797Z] > git rev-parse --show-toplevel [0ms]
[2022-08-17T07:09:32.798Z] fatal: not a git repository (or any of the parent directories): .git
[2022-08-17T07:09:34.318Z] > git rev-parse --show-toplevel [2ms]
[2022-08-17T07:09:34.318Z] fatal: not a git repository (or any of the parent directories): .git
[2022-08-17T07:09:35.833Z] > git rev-parse --show-toplevel [0ms]
[2022-08-17T07:09:35.833Z] fatal: not a git repository (or any of the parent directories): .git
[2022-08-17T07:09:41.693Z] > git rev-parse --show-toplevel [1ms]
[2022-08-17T07:09:41.693Z] fatal: not a git repository (or any of the parent directories): .git
[2022-08-17T07:09:45.556Z] > git rev-parse --show-toplevel [2ms]
[2022-08-17T07:09:45.556Z] fatal: not a git repository (or any of the parent directories): .git
[2022-08-17T07:09:46.252Z] > git rev-parse --show-toplevel [1ms]
[2022-08-17T07:09:46.252Z] fatal: not a git repository (or any of the parent directories): .git
[2022-08-17T07:11:56.956Z] > git rev-parse --show-toplevel [1ms]
[2022-08-17T07:11:56.956Z] fatal: not a git repository (or any of the parent directories): .git
[2022-08-17T07:11:57.704Z] > git rev-parse --show-toplevel [1ms]
[2022-08-17T07:11:57.704Z] fatal: not a git repository (or any of the parent directories): .git
[2022-08-17T07:12:08.003Z] > git rev-parse --show-toplevel [1ms]
[2022-08-17T07:12:08.003Z] fatal: not a git repository (or any of the parent directories): .git
[2022-08-17T07:12:08.738Z] > git rev-parse --show-toplevel [1ms]
[2022-08-17T07:12:08.738Z] fatal: not a git repository (or any of the parent directories): .git
